2026-02-16 09:29:34,257 - INFO - ==================================================
2026-02-16 09:29:34,257 - INFO - Starting text reconstruction process
2026-02-16 09:29:34,257 - INFO - Transformers version: 5.0.0
2026-02-16 09:29:34,257 - INFO - BitsAndBytes version: 0.49.1
2026-02-16 09:29:34,257 - INFO - Accelerate version: 1.12.0
2026-02-16 09:29:34,257 - INFO - PyTorch version: 2.10.0+cu128
2026-02-16 09:29:34,257 - INFO - CUDA available: True
2026-02-16 09:29:34,257 - INFO - CUDA device count: 4
2026-02-16 09:29:34,257 - INFO - GPU 0: NVIDIA TITAN RTX
2026-02-16 09:29:34,257 - INFO - GPU 0 Memory: 23.64 GB
2026-02-16 09:29:34,257 - INFO - GPU 1: NVIDIA TITAN RTX
2026-02-16 09:29:34,257 - INFO - GPU 1 Memory: 23.64 GB
2026-02-16 09:29:34,257 - INFO - GPU 2: NVIDIA TITAN RTX
2026-02-16 09:29:34,257 - INFO - GPU 2 Memory: 23.64 GB
2026-02-16 09:29:34,257 - INFO - GPU 3: NVIDIA TITAN RTX
2026-02-16 09:29:34,257 - INFO - GPU 3 Memory: 23.64 GB
2026-02-16 09:29:34,257 - INFO - Input file: data/dialogue/out_dial_jsonl/test_labeled.jsonl
2026-02-16 09:29:34,257 - INFO - Output directory: results/ann_full_reconstructed_mistral_olmo
2026-02-16 09:29:34,257 - INFO - Model: allenai/Olmo-3.1-32B-Instruct
2026-02-16 09:29:34,257 - INFO - Seed: 42
2026-02-16 09:29:34,258 - INFO - ==================================================
2026-02-16 09:29:34,294 - INFO - Loading dataset...
2026-02-16 09:29:34,303 - INFO - Loaded 9 examples
2026-02-16 09:29:34,303 - INFO - Loading model...
2026-02-16 09:29:34,303 - INFO - Loading model: allenai/Olmo-3.1-32B-Instruct
2026-02-16 09:29:34,303 - INFO - Detected Olmo, using AutoModelForCausalLM
2026-02-16 09:29:34,434 - INFO - HTTP Request: HEAD https://huggingface.co/allenai/Olmo-3.1-32B-Instruct/resolve/main/config.json "HTTP/1.1 307 Temporary Redirect"
2026-02-16 09:29:34,556 - INFO - HTTP Request: HEAD https://huggingface.co/api/resolve-cache/models/allenai/Olmo-3.1-32B-Instruct/ac0587e4a7744a551c059d8cd17ba220bc940dae/config.json "HTTP/1.1 200 OK"
2026-02-16 09:29:34,774 - INFO - HTTP Request: HEAD https://huggingface.co/allenai/Olmo-3.1-32B-Instruct/resolve/main/tokenizer_config.json "HTTP/1.1 307 Temporary Redirect"
2026-02-16 09:29:34,886 - INFO - HTTP Request: HEAD https://huggingface.co/api/resolve-cache/models/allenai/Olmo-3.1-32B-Instruct/ac0587e4a7744a551c059d8cd17ba220bc940dae/tokenizer_config.json "HTTP/1.1 200 OK"
2026-02-16 09:29:35,108 - INFO - HTTP Request: GET https://huggingface.co/api/models/allenai/Olmo-3.1-32B-Instruct/tree/main/additional_chat_templates?recursive=false&expand=false "HTTP/1.1 404 Not Found"
2026-02-16 09:29:35,236 - INFO - HTTP Request: GET https://huggingface.co/api/models/allenai/Olmo-3.1-32B-Instruct/tree/main?recursive=true&expand=false "HTTP/1.1 200 OK"
2026-02-16 09:29:36,069 - INFO - HTTP Request: GET https://huggingface.co/api/models/allenai/Olmo-3.1-32B-Instruct "HTTP/1.1 200 OK"
2026-02-16 09:29:36,192 - INFO - HTTP Request: HEAD https://huggingface.co/allenai/Olmo-3.1-32B-Instruct/resolve/main/config.json "HTTP/1.1 307 Temporary Redirect"
2026-02-16 09:29:36,223 - INFO - HTTP Request: HEAD https://huggingface.co/api/resolve-cache/models/allenai/Olmo-3.1-32B-Instruct/ac0587e4a7744a551c059d8cd17ba220bc940dae/config.json "HTTP/1.1 200 OK"
2026-02-16 09:29:36,397 - INFO - HTTP Request: HEAD https://huggingface.co/allenai/Olmo-3.1-32B-Instruct/resolve/main/config.json "HTTP/1.1 307 Temporary Redirect"
2026-02-16 09:29:36,425 - INFO - HTTP Request: HEAD https://huggingface.co/api/resolve-cache/models/allenai/Olmo-3.1-32B-Instruct/ac0587e4a7744a551c059d8cd17ba220bc940dae/config.json "HTTP/1.1 200 OK"
2026-02-16 09:39:43,479 - INFO - HTTP Request: HEAD https://huggingface.co/allenai/Olmo-3.1-32B-Instruct/resolve/main/generation_config.json "HTTP/1.1 307 Temporary Redirect"
2026-02-16 09:39:43,592 - INFO - HTTP Request: HEAD https://huggingface.co/api/resolve-cache/models/allenai/Olmo-3.1-32B-Instruct/ac0587e4a7744a551c059d8cd17ba220bc940dae/generation_config.json "HTTP/1.1 200 OK"
2026-02-16 09:39:44,326 - INFO - Model loaded successfully
2026-02-16 09:39:44,330 - INFO - Processing 9 texts...
2026-02-16 09:42:40,933 - INFO - Generation finished. Reason: stop
2026-02-16 09:45:49,914 - INFO - Generation finished. Reason: stop
2026-02-16 09:47:29,540 - INFO - Generation finished. Reason: stop
2026-02-16 09:49:39,150 - INFO - Generation finished. Reason: stop
2026-02-16 09:52:38,802 - INFO - Generation finished. Reason: stop
2026-02-16 09:54:15,345 - INFO - Generation finished. Reason: stop
2026-02-16 09:55:04,375 - INFO - Generation finished. Reason: stop
2026-02-16 09:56:32,446 - INFO - Generation finished. Reason: stop
2026-02-16 09:58:27,588 - INFO - Generation finished. Reason: stop
2026-02-16 09:58:27,596 - INFO - Reconstructed texts saved to results/ann_full_reconstructed_mistral_olmo/reconstructed_test_olmo_20260216_095827.jsonl
2026-02-16 09:58:27,596 - INFO - ==================================================
2026-02-16 09:58:27,596 - INFO - Reconstruction complete! Processed 9 examples
2026-02-16 09:58:27,596 - INFO - Results saved to: results/ann_full_reconstructed_mistral_olmo/reconstructed_test_olmo_20260216_095827.jsonl
2026-02-16 09:58:27,596 - INFO - Log file: results/ann_full_reconstructed_mistral_olmo/reconstruction_20260216_092934.log
2026-02-16 09:58:27,596 - INFO - ==================================================
