2026-03-04 13:27:54,128 - INFO - ==================================================
2026-03-04 13:27:54,129 - INFO - Starting text reconstruction process
2026-03-04 13:27:54,129 - INFO - Transformers version: 5.2.0
2026-03-04 13:27:54,129 - INFO - BitsAndBytes version: 0.49.1
2026-03-04 13:27:54,129 - INFO - Accelerate version: 1.12.0
2026-03-04 13:27:54,129 - INFO - PyTorch version: 2.10.0+cu128
2026-03-04 13:27:54,129 - INFO - CUDA available: True
2026-03-04 13:27:54,129 - INFO - CUDA device count: 4
2026-03-04 13:27:54,129 - INFO - GPU 0: NVIDIA TITAN RTX
2026-03-04 13:27:54,129 - INFO - GPU 0 Memory: 23.64 GB
2026-03-04 13:27:54,129 - INFO - GPU 1: NVIDIA TITAN RTX
2026-03-04 13:27:54,129 - INFO - GPU 1 Memory: 23.64 GB
2026-03-04 13:27:54,129 - INFO - GPU 2: NVIDIA TITAN RTX
2026-03-04 13:27:54,129 - INFO - GPU 2 Memory: 23.64 GB
2026-03-04 13:27:54,129 - INFO - GPU 3: NVIDIA TITAN RTX
2026-03-04 13:27:54,129 - INFO - GPU 3 Memory: 23.64 GB
2026-03-04 13:27:54,129 - INFO - Input file: data/processed/speaker_exchanges_test_labeled_20260302_100239.jsonl
2026-03-04 13:27:54,129 - INFO - Output directory: results/ann_short_reconstructed_mistral_olmo
2026-03-04 13:27:54,129 - INFO - Model: allenai/Olmo-3.1-32B-Instruct
2026-03-04 13:27:54,129 - INFO - Seed: 42
2026-03-04 13:27:54,129 - INFO - ==================================================
2026-03-04 13:27:54,161 - INFO - Loading dataset...
2026-03-04 13:27:54,180 - INFO - Loaded 24 examples
2026-03-04 13:27:54,180 - INFO - Loading model...
2026-03-04 13:27:54,180 - INFO - Loading model: allenai/Olmo-3.1-32B-Instruct
2026-03-04 13:27:54,180 - INFO - Detected Olmo, using AutoModelForCausalLM
2026-03-04 13:27:54,297 - INFO - HTTP Request: HEAD https://huggingface.co/allenai/Olmo-3.1-32B-Instruct/resolve/main/config.json "HTTP/1.1 307 Temporary Redirect"
2026-03-04 13:27:54,421 - INFO - HTTP Request: HEAD https://huggingface.co/api/resolve-cache/models/allenai/Olmo-3.1-32B-Instruct/ac0587e4a7744a551c059d8cd17ba220bc940dae/config.json "HTTP/1.1 200 OK"
2026-03-04 13:27:54,772 - INFO - HTTP Request: HEAD https://huggingface.co/allenai/Olmo-3.1-32B-Instruct/resolve/main/tokenizer_config.json "HTTP/1.1 307 Temporary Redirect"
2026-03-04 13:27:54,892 - INFO - HTTP Request: HEAD https://huggingface.co/api/resolve-cache/models/allenai/Olmo-3.1-32B-Instruct/ac0587e4a7744a551c059d8cd17ba220bc940dae/tokenizer_config.json "HTTP/1.1 200 OK"
2026-03-04 13:27:55,097 - INFO - HTTP Request: GET https://huggingface.co/api/models/allenai/Olmo-3.1-32B-Instruct/tree/main/additional_chat_templates?recursive=false&expand=false "HTTP/1.1 404 Not Found"
2026-03-04 13:27:55,221 - INFO - HTTP Request: GET https://huggingface.co/api/models/allenai/Olmo-3.1-32B-Instruct/tree/main?recursive=true&expand=false "HTTP/1.1 200 OK"
2026-03-04 13:27:56,043 - INFO - HTTP Request: GET https://huggingface.co/api/models/allenai/Olmo-3.1-32B-Instruct "HTTP/1.1 200 OK"
2026-03-04 13:27:56,168 - INFO - HTTP Request: HEAD https://huggingface.co/allenai/Olmo-3.1-32B-Instruct/resolve/main/config.json "HTTP/1.1 307 Temporary Redirect"
2026-03-04 13:27:56,191 - INFO - HTTP Request: HEAD https://huggingface.co/api/resolve-cache/models/allenai/Olmo-3.1-32B-Instruct/ac0587e4a7744a551c059d8cd17ba220bc940dae/config.json "HTTP/1.1 200 OK"
2026-03-04 13:38:17,947 - INFO - HTTP Request: HEAD https://huggingface.co/allenai/Olmo-3.1-32B-Instruct/resolve/main/generation_config.json "HTTP/1.1 307 Temporary Redirect"
2026-03-04 13:38:18,070 - INFO - HTTP Request: HEAD https://huggingface.co/api/resolve-cache/models/allenai/Olmo-3.1-32B-Instruct/ac0587e4a7744a551c059d8cd17ba220bc940dae/generation_config.json "HTTP/1.1 200 OK"
2026-03-04 13:38:18,808 - INFO - Model loaded successfully
2026-03-04 13:38:18,812 - INFO - Processing 24 texts...
2026-03-04 13:40:28,860 - INFO - Generation finished. Reason: stop
2026-03-04 13:41:36,562 - INFO - Generation finished. Reason: stop
2026-03-04 13:42:41,856 - INFO - Generation finished. Reason: stop
2026-03-04 13:44:56,948 - INFO - Generation finished. Reason: stop
2026-03-04 13:46:07,180 - INFO - Generation finished. Reason: stop
2026-03-04 13:46:30,269 - INFO - Generation finished. Reason: stop
2026-03-04 13:47:03,467 - INFO - Generation finished. Reason: stop
2026-03-04 13:48:16,909 - INFO - Generation finished. Reason: stop
2026-03-04 13:49:25,788 - INFO - Generation finished. Reason: stop
2026-03-04 13:50:22,235 - INFO - Generation finished. Reason: stop
2026-03-04 13:50:22,236 - INFO - Processed 10/24 examples
2026-03-04 13:51:15,970 - INFO - Generation finished. Reason: stop
2026-03-04 13:53:45,337 - INFO - Generation finished. Reason: stop
2026-03-04 13:54:19,077 - INFO - Generation finished. Reason: stop
2026-03-04 13:54:30,186 - INFO - Generation finished. Reason: stop
2026-03-04 13:56:40,691 - INFO - Generation finished. Reason: stop
2026-03-04 13:57:40,138 - INFO - Generation finished. Reason: stop
2026-03-04 14:01:22,438 - INFO - Generation finished. Reason: stop
2026-03-04 14:04:29,457 - INFO - Generation finished. Reason: stop
2026-03-04 14:06:20,585 - INFO - Generation finished. Reason: stop
2026-03-04 14:06:56,380 - INFO - Generation finished. Reason: stop
2026-03-04 14:06:56,380 - INFO - Processed 20/24 examples
2026-03-04 14:07:19,752 - INFO - Generation finished. Reason: stop
