2026-02-13 14:09:21,259 - INFO - ==================================================
2026-02-13 14:09:21,259 - INFO - Starting text reconstruction process with BART
2026-02-13 14:09:21,259 - INFO - Transformers version: 5.0.0
2026-02-13 14:09:21,259 - INFO - BitsAndBytes version: 0.49.1
2026-02-13 14:09:21,259 - INFO - Accelerate version: 1.12.0
2026-02-13 14:09:21,259 - INFO - PyTorch version: 2.10.0+cu128
2026-02-13 14:09:21,259 - INFO - CUDA available: True
2026-02-13 14:09:21,259 - INFO - CUDA device count: 1
2026-02-13 14:09:21,259 - INFO - GPU 0: Tesla T4
2026-02-13 14:09:21,259 - INFO - Input file: data/dialogue/out_dial_jsonl/test_labeled.jsonl
2026-02-13 14:09:21,259 - INFO - Output directory: results/ann_full_reconstructed_bart
2026-02-13 14:09:21,259 - INFO - Model: facebook/bart-large
2026-02-13 14:09:21,259 - INFO - Seed: 42
2026-02-13 14:09:21,259 - INFO - ==================================================
2026-02-13 14:09:21,294 - INFO - Loading dataset...
2026-02-13 14:09:21,303 - INFO - Loaded 9 examples
2026-02-13 14:09:21,303 - INFO - Loading model...
2026-02-13 14:09:21,303 - INFO - Loading model: facebook/bart-large
2026-02-13 14:09:21,440 - INFO - HTTP Request: HEAD https://huggingface.co/facebook/bart-large/resolve/main/config.json "HTTP/1.1 307 Temporary Redirect"
2026-02-13 14:09:21,596 - INFO - HTTP Request: HEAD https://huggingface.co/api/resolve-cache/models/facebook/bart-large/cb48c1365bd826bd521f650dc2e0940aee54720c/config.json "HTTP/1.1 200 OK"
2026-02-13 14:09:21,768 - INFO - HTTP Request: GET https://huggingface.co/api/resolve-cache/models/facebook/bart-large/cb48c1365bd826bd521f650dc2e0940aee54720c/config.json "HTTP/1.1 200 OK"
2026-02-13 14:09:21,929 - INFO - HTTP Request: HEAD https://huggingface.co/facebook/bart-large/resolve/main/tokenizer_config.json "HTTP/1.1 307 Temporary Redirect"
2026-02-13 14:09:22,088 - INFO - HTTP Request: HEAD https://huggingface.co/api/resolve-cache/models/facebook/bart-large/cb48c1365bd826bd521f650dc2e0940aee54720c/tokenizer_config.json "HTTP/1.1 200 OK"
2026-02-13 14:09:22,258 - INFO - HTTP Request: GET https://huggingface.co/api/resolve-cache/models/facebook/bart-large/cb48c1365bd826bd521f650dc2e0940aee54720c/tokenizer_config.json "HTTP/1.1 200 OK"
2026-02-13 14:09:22,431 - INFO - HTTP Request: GET https://huggingface.co/api/models/facebook/bart-large/tree/main/additional_chat_templates?recursive=false&expand=false "HTTP/1.1 404 Not Found"
2026-02-13 14:09:22,576 - INFO - HTTP Request: GET https://huggingface.co/api/models/facebook/bart-large/tree/main?recursive=true&expand=false "HTTP/1.1 200 OK"
2026-02-13 14:09:22,728 - INFO - HTTP Request: HEAD https://huggingface.co/facebook/bart-large/resolve/main/vocab.json "HTTP/1.1 307 Temporary Redirect"
2026-02-13 14:09:22,883 - INFO - HTTP Request: HEAD https://huggingface.co/api/resolve-cache/models/facebook/bart-large/cb48c1365bd826bd521f650dc2e0940aee54720c/vocab.json "HTTP/1.1 200 OK"
2026-02-13 14:09:23,042 - INFO - HTTP Request: GET https://huggingface.co/api/resolve-cache/models/facebook/bart-large/cb48c1365bd826bd521f650dc2e0940aee54720c/vocab.json "HTTP/1.1 200 OK"
2026-02-13 14:09:23,327 - INFO - HTTP Request: HEAD https://huggingface.co/facebook/bart-large/resolve/main/merges.txt "HTTP/1.1 307 Temporary Redirect"
2026-02-13 14:09:23,484 - INFO - HTTP Request: HEAD https://huggingface.co/api/resolve-cache/models/facebook/bart-large/cb48c1365bd826bd521f650dc2e0940aee54720c/merges.txt "HTTP/1.1 200 OK"
2026-02-13 14:09:23,645 - INFO - HTTP Request: GET https://huggingface.co/api/resolve-cache/models/facebook/bart-large/cb48c1365bd826bd521f650dc2e0940aee54720c/merges.txt "HTTP/1.1 200 OK"
2026-02-13 14:09:23,836 - INFO - HTTP Request: HEAD https://huggingface.co/facebook/bart-large/resolve/main/tokenizer.json "HTTP/1.1 307 Temporary Redirect"
2026-02-13 14:09:23,988 - INFO - HTTP Request: HEAD https://huggingface.co/api/resolve-cache/models/facebook/bart-large/cb48c1365bd826bd521f650dc2e0940aee54720c/tokenizer.json "HTTP/1.1 200 OK"
2026-02-13 14:09:24,158 - INFO - HTTP Request: GET https://huggingface.co/api/resolve-cache/models/facebook/bart-large/cb48c1365bd826bd521f650dc2e0940aee54720c/tokenizer.json "HTTP/1.1 200 OK"
2026-02-13 14:09:24,418 - INFO - HTTP Request: HEAD https://huggingface.co/facebook/bart-large/resolve/main/added_tokens.json "HTTP/1.1 404 Not Found"
2026-02-13 14:09:24,566 - INFO - HTTP Request: HEAD https://huggingface.co/facebook/bart-large/resolve/main/special_tokens_map.json "HTTP/1.1 404 Not Found"
2026-02-13 14:09:24,707 - INFO - HTTP Request: HEAD https://huggingface.co/facebook/bart-large/resolve/main/chat_template.jinja "HTTP/1.1 404 Not Found"
2026-02-13 14:09:25,167 - INFO - HTTP Request: HEAD https://huggingface.co/facebook/bart-large/resolve/main/config.json "HTTP/1.1 307 Temporary Redirect"
2026-02-13 14:09:25,216 - INFO - HTTP Request: HEAD https://huggingface.co/api/resolve-cache/models/facebook/bart-large/cb48c1365bd826bd521f650dc2e0940aee54720c/config.json "HTTP/1.1 200 OK"
2026-02-13 14:09:25,359 - INFO - HTTP Request: HEAD https://huggingface.co/facebook/bart-large/resolve/main/adapter_config.json "HTTP/1.1 404 Not Found"
2026-02-13 14:09:25,833 - INFO - HTTP Request: HEAD https://huggingface.co/facebook/bart-large/resolve/main/config.json "HTTP/1.1 307 Temporary Redirect"
2026-02-13 14:09:25,864 - INFO - HTTP Request: HEAD https://huggingface.co/api/resolve-cache/models/facebook/bart-large/cb48c1365bd826bd521f650dc2e0940aee54720c/config.json "HTTP/1.1 200 OK"
2026-02-13 14:09:26,005 - INFO - HTTP Request: HEAD https://huggingface.co/facebook/bart-large/resolve/main/model.safetensors "HTTP/1.1 404 Not Found"
2026-02-13 14:09:26,143 - INFO - HTTP Request: HEAD https://huggingface.co/facebook/bart-large/resolve/main/model.safetensors.index.json "HTTP/1.1 404 Not Found"
2026-02-13 14:09:26,291 - INFO - HTTP Request: HEAD https://huggingface.co/facebook/bart-large/resolve/main/pytorch_model.bin "HTTP/1.1 302 Found"
2026-02-13 14:09:26,578 - INFO - HTTP Request: GET https://huggingface.co/api/models/facebook/bart-large/xet-read-token/cb48c1365bd826bd521f650dc2e0940aee54720c "HTTP/1.1 200 OK"
2026-02-13 14:09:41,152 - INFO - HTTP Request: HEAD https://huggingface.co/facebook/bart-large/resolve/main/model.safetensors "HTTP/1.1 404 Not Found"
2026-02-13 14:09:41,295 - INFO - HTTP Request: GET https://huggingface.co/api/models/facebook/bart-large "HTTP/1.1 200 OK"
2026-02-13 14:09:41,508 - INFO - HTTP Request: GET https://huggingface.co/api/models/facebook/bart-large/commits/main "HTTP/1.1 200 OK"
2026-02-13 14:09:41,666 - INFO - HTTP Request: GET https://huggingface.co/api/models/facebook/bart-large/discussions?p=0 "HTTP/1.1 200 OK"
2026-02-13 14:09:41,865 - INFO - HTTP Request: GET https://huggingface.co/api/models/facebook/bart-large/commits/refs%2Fpr%2F4 "HTTP/1.1 200 OK"
2026-02-13 14:09:42,034 - INFO - HTTP Request: HEAD https://huggingface.co/facebook/bart-large/resolve/refs%2Fpr%2F4/model.safetensors.index.json "HTTP/1.1 404 Not Found"
2026-02-13 14:09:42,544 - INFO - HTTP Request: HEAD https://huggingface.co/facebook/bart-large/resolve/refs%2Fpr%2F4/model.safetensors "HTTP/1.1 302 Found"
2026-02-13 14:09:43,589 - INFO - HTTP Request: GET https://huggingface.co/api/models/facebook/bart-large/xet-read-token/4422181a85458e2acc57a4c1f845b9dfd60bd411 "HTTP/1.1 200 OK"
2026-02-13 14:10:04,484 - INFO - HTTP Request: HEAD https://huggingface.co/facebook/bart-large/resolve/main/generation_config.json "HTTP/1.1 404 Not Found"
2026-02-13 14:10:04,627 - INFO - HTTP Request: HEAD https://huggingface.co/facebook/bart-large/resolve/main/config.json "HTTP/1.1 307 Temporary Redirect"
2026-02-13 14:10:04,677 - INFO - HTTP Request: HEAD https://huggingface.co/api/resolve-cache/models/facebook/bart-large/cb48c1365bd826bd521f650dc2e0940aee54720c/config.json "HTTP/1.1 200 OK"
2026-02-13 14:10:04,681 - INFO - Model loaded successfully
2026-02-13 14:10:04,682 - INFO - Processing 9 texts...
2026-02-13 14:12:31,562 - INFO - Reconstructed texts saved to results/ann_full_reconstructed_bart/reconstructed_test_facebook_bart-large_20260213_141231.jsonl
2026-02-13 14:12:31,563 - INFO - ==================================================
2026-02-13 14:12:31,563 - INFO - Reconstruction complete! Processed 9 examples
2026-02-13 14:12:31,563 - INFO - Results saved to: results/ann_full_reconstructed_bart/reconstructed_test_facebook_bart-large_20260213_141231.jsonl
2026-02-13 14:12:31,563 - INFO - Log file: results/ann_full_reconstructed_bart/reconstruction_bart_20260213_140921.log
2026-02-13 14:12:31,563 - INFO - ==================================================
